<?xml version="1.0" encoding="UTF-8"?>
<testsuite xmlns:xsi="http://www.w3.org/2001/XMLSchema-instance" xsi:noNamespaceSchemaLocation="https://maven.apache.org/surefire/maven-surefire-plugin/xsd/surefire-test-report.xsd" name="com.maventest.app.AppTest" time="0.032" tests="1" errors="0" skipped="0" failures="0">
  <properties>
    <property name="sun.desktop" value="windows"/>
    <property name="awt.toolkit" value="sun.awt.windows.WToolkit"/>
    <property name="file.encoding.pkg" value="sun.io"/>
    <property name="java.specification.version" value="1.8"/>
    <property name="sun.cpu.isalist" value="pentium_pro+mmx pentium_pro pentium+mmx pentium i486 i386 i86"/>
    <property name="sun.jnu.encoding" value="Cp1252"/>
    <property name="java.class.path" value="D:\PROJECTS\DevOps\working_session\FirstMavenWithCmd\MyFirstMavenProj\target\test-classes;D:\PROJECTS\DevOps\working_session\FirstMavenWithCmd\MyFirstMavenProj\target\classes;C:\Users\VV3480\.m2\repository\junit\junit\4.11\junit-4.11.jar;C:\Users\VV3480\.m2\repository\org\hamcrest\hamcrest-core\1.3\hamcrest-core-1.3.jar;"/>
    <property name="java.vm.vendor" value="Oracle Corporation"/>
    <property name="sun.arch.data.model" value="32"/>
    <property name="user.variant" value=""/>
    <property name="java.vendor.url" value="http://java.oracle.com/"/>
    <property name="user.timezone" value="Asia/Calcutta"/>
    <property name="java.vm.specification.version" value="1.8"/>
    <property name="os.name" value="Windows 10"/>
    <property name="user.country" value="US"/>
    <property name="sun.java.launcher" value="SUN_STANDARD"/>
    <property name="sun.boot.library.path" value="C:\Program Files (x86)\Java\jre1.8.0_231\bin"/>
    <property name="sun.java.command" value="C:\Users\VV3480\AppData\Local\Temp\surefire4209975186450435215\surefirebooter8493584624278137501.jar C:\Users\VV3480\AppData\Local\Temp\surefire4209975186450435215 2021-08-03T14-28-12_795-jvmRun1 surefire3421812482299769510tmp surefire_03264220722620461838tmp"/>
    <property name="surefire.test.class.path" value="D:\PROJECTS\DevOps\working_session\FirstMavenWithCmd\MyFirstMavenProj\target\test-classes;D:\PROJECTS\DevOps\working_session\FirstMavenWithCmd\MyFirstMavenProj\target\classes;C:\Users\VV3480\.m2\repository\junit\junit\4.11\junit-4.11.jar;C:\Users\VV3480\.m2\repository\org\hamcrest\hamcrest-core\1.3\hamcrest-core-1.3.jar;"/>
    <property name="sun.cpu.endian" value="little"/>
    <property name="user.home" value="C:\Users\VV3480"/>
    <property name="user.language" value="en"/>
    <property name="java.specification.vendor" value="Oracle Corporation"/>
    <property name="java.home" value="C:\Program Files (x86)\Java\jre1.8.0_231"/>
    <property name="basedir" value="D:\PROJECTS\DevOps\working_session\FirstMavenWithCmd\MyFirstMavenProj"/>
    <property name="file.separator" value="\"/>
    <property name="line.separator" value="&#10;"/>
    <property name="java.vm.specification.vendor" value="Oracle Corporation"/>
    <property name="java.specification.name" value="Java Platform API Specification"/>
    <property name="java.awt.graphicsenv" value="sun.awt.Win32GraphicsEnvironment"/>
    <property name="surefire.real.class.path" value="C:\Users\VV3480\AppData\Local\Temp\surefire4209975186450435215\surefirebooter8493584624278137501.jar"/>
    <property name="sun.boot.class.path" value="C:\Program Files (x86)\Java\jre1.8.0_231\lib\resources.jar;C:\Program Files (x86)\Java\jre1.8.0_231\lib\rt.jar;C:\Program Files (x86)\Java\jre1.8.0_231\lib\sunrsasign.jar;C:\Program Files (x86)\Java\jre1.8.0_231\lib\jsse.jar;C:\Program Files (x86)\Java\jre1.8.0_231\lib\jce.jar;C:\Program Files (x86)\Java\jre1.8.0_231\lib\charsets.jar;C:\Program Files (x86)\Java\jre1.8.0_231\lib\jfr.jar;C:\Program Files (x86)\Java\jre1.8.0_231\classes"/>
    <property name="user.script" value=""/>
    <property name="sun.management.compiler" value="HotSpot Client Compiler"/>
    <property name="java.runtime.version" value="1.8.0_231-b11"/>
    <property name="user.name" value="VV3480"/>
    <property name="path.separator" value=";"/>
    <property name="os.version" value="10.0"/>
    <property name="java.endorsed.dirs" value="C:\Program Files (x86)\Java\jre1.8.0_231\lib\endorsed"/>
    <property name="java.runtime.name" value="Java(TM) SE Runtime Environment"/>
    <property name="file.encoding" value="Cp1252"/>
    <property name="java.vm.name" value="Java HotSpot(TM) Client VM"/>
    <property name="localRepository" value="C:\Users\VV3480\.m2\repository"/>
    <property name="java.vendor.url.bug" value="http://bugreport.sun.com/bugreport/"/>
    <property name="java.io.tmpdir" value="C:\Users\VV3480\AppData\Local\Temp\"/>
    <property name="java.version" value="1.8.0_231"/>
    <property name="user.dir" value="D:\PROJECTS\DevOps\working_session\FirstMavenWithCmd\MyFirstMavenProj"/>
    <property name="os.arch" value="x86"/>
    <property name="java.vm.specification.name" value="Java Virtual Machine Specification"/>
    <property name="java.awt.printerjob" value="sun.awt.windows.WPrinterJob"/>
    <property name="sun.os.patch.level" value=""/>
    <property name="java.library.path" value="C:\Program Files (x86)\Java\jre1.8.0_231\bin;C:\windows\Sun\Java\bin;C:\windows\system32;C:\windows;C:\Program Files (x86)\Common Files\Oracle\Java\javapath;C:\windows\system32;C:\windows;C:\windows\System32\Wbem;C:\windows\System32\WindowsPowerShell\v1.0\;C:\windows\System32\OpenSSH\;C:\Users\Administrator\.jpm\windows\bin;D:\Program Files\nodejs;C:\Users\Administrator\AppData\Roaming\npm;D:\PROJECTS\DevOps\softwares\apache-maven-3.8.1-bin\apache-maven-3.8.1\bin;C:\Users\VV3480\AppData\Local\Microsoft\WindowsApps;C:\Users\VV3480\AppData\Local\Programs\Git\cmd;."/>
    <property name="java.vm.info" value="mixed mode, sharing"/>
    <property name="java.vendor" value="Oracle Corporation"/>
    <property name="java.vm.version" value="25.231-b11"/>
    <property name="java.ext.dirs" value="C:\Program Files (x86)\Java\jre1.8.0_231\lib\ext;C:\windows\Sun\Java\lib\ext"/>
    <property name="sun.io.unicode.encoding" value="UnicodeLittle"/>
    <property name="java.class.version" value="52.0"/>
  </properties>
  <testcase name="shouldAnswerWithTrue" classname="com.maventest.app.AppTest" time="0.002"/>
</testsuite>